<?xml version="1.0" encoding="UTF-8"?>
<testng-results skipped="0" failed="0" ignored="0" total="1" passed="1">
  <reporter-output>
  </reporter-output>
  <suite name="Suite" duration-ms="63518" started-at="2019-08-01T07:18:39Z" finished-at="2019-08-01T07:19:43Z">
    <groups>
      <group name="cucumber">
        <method signature="AbstractTestNGCucumberTests.feature(cucumber.api.testng.CucumberFeatureWrapper)[pri:0, instance:testRunner.TestRunner@17cd7a0]" name="feature" class="cucumber.api.testng.AbstractTestNGCucumberTests"/>
      </group> <!-- cucumber -->
    </groups>
    <test name="Test" duration-ms="63518" started-at="2019-08-01T07:18:39Z" finished-at="2019-08-01T07:19:43Z">
      <class name="testRunner.TestRunner">
        <test-method status="PASS" signature="setUpClass()[pri:0, instance:testRunner.TestRunner@17cd7a0]" name="setUpClass" is-config="true" duration-ms="1504" started-at="2019-08-01T12:48:39Z" finished-at="2019-08-01T12:48:41Z">
          <reporter-output>
          </reporter-output>
        </test-method> <!-- setUpClass -->
        <test-method status="PASS" signature="feature(cucumber.api.testng.CucumberFeatureWrapper)[pri:0, instance:testRunner.TestRunner@17cd7a0]" name="feature" duration-ms="61378" started-at="2019-08-01T12:48:41Z" description="Runs Cucumber Feature" data-provider="features" finished-at="2019-08-01T12:49:43Z">
          <params>
            <param index="0">
              <value>
                <![CDATA[Login Feature]]>
              </value>
            </param>
          </params>
          <reporter-output>
          </reporter-output>
        </test-method> <!-- feature -->
        <test-method status="PASS" signature="tearDownClass()[pri:0, instance:testRunner.TestRunner@17cd7a0]" name="tearDownClass" is-config="true" duration-ms="33" started-at="2019-08-01T12:49:43Z" finished-at="2019-08-01T12:49:43Z">
          <reporter-output>
          </reporter-output>
        </test-method> <!-- tearDownClass -->
      </class> <!-- testRunner.TestRunner -->
    </test> <!-- Test -->
  </suite> <!-- Suite -->
</testng-results>
